  CEnemy02.cpp
C:\Users\d\Desktop\WHOAMI_1 (1)\CEnemy02.cpp(15,39): warning C4244: '+=': 'double'에서 'float'(으)로 변환하면서 데이터가 손실될 수 있습니다.
C:\Users\d\Desktop\WHOAMI_1 (1)\CEnemy02.cpp(16,58): warning C4244: '인수': 'double'에서 'float'(으)로 변환하면서 데이터가 손실될 수 있습니다.
C:\Users\d\Desktop\WHOAMI_1 (1)\CObject.h(141,1): warning C4127: 조건식이 상수입니다.
C:\Users\d\Desktop\WHOAMI_1 (1)\CObject.h(141,1): message : 'if constexpr' 문을 대신 사용해 보세요.
C:\Users\d\Desktop\WHOAMI_1 (1)\CEnemy02.cpp(36): message : 컴파일되는 함수 템플릿 인스턴스화 'T *CObject::AddComponent<CSpriteRenderer>(void)'에 대한 참조를 확인하세요.
C:\Users\d\Desktop\WHOAMI_1 (1)\CEnemy02.cpp(36): message :         with
C:\Users\d\Desktop\WHOAMI_1 (1)\CEnemy02.cpp(36): message :         [
C:\Users\d\Desktop\WHOAMI_1 (1)\CEnemy02.cpp(36): message :             T=CSpriteRenderer
C:\Users\d\Desktop\WHOAMI_1 (1)\CEnemy02.cpp(36): message :         ]
C:\Users\d\Desktop\WHOAMI_1 (1)\CObject.h(71,1): warning C4127: 조건식이 상수입니다.
C:\Users\d\Desktop\WHOAMI_1 (1)\CObject.h(71,1): message : 'if constexpr' 문을 대신 사용해 보세요.
C:\Users\d\Desktop\WHOAMI_1 (1)\CComponent.h(47): message : 컴파일되는 함수 템플릿 인스턴스화 'T *CObject::GetComponent<T>(void)'에 대한 참조를 확인하세요.
C:\Users\d\Desktop\WHOAMI_1 (1)\CComponent.h(47): message :         with
C:\Users\d\Desktop\WHOAMI_1 (1)\CComponent.h(47): message :         [
C:\Users\d\Desktop\WHOAMI_1 (1)\CComponent.h(47): message :             T=CAnimation2D
C:\Users\d\Desktop\WHOAMI_1 (1)\CComponent.h(47): message :         ]
C:\Users\d\Desktop\WHOAMI_1 (1)\CEnemy02.cpp(29): message : 컴파일되는 함수 템플릿 인스턴스화 'T *CComponent::GetComponent<CAnimation2D>(void)'에 대한 참조를 확인하세요.
C:\Users\d\Desktop\WHOAMI_1 (1)\CEnemy02.cpp(29): message :         with
C:\Users\d\Desktop\WHOAMI_1 (1)\CEnemy02.cpp(29): message :         [
C:\Users\d\Desktop\WHOAMI_1 (1)\CEnemy02.cpp(29): message :             T=CAnimation2D
C:\Users\d\Desktop\WHOAMI_1 (1)\CEnemy02.cpp(29): message :         ]
  EmptyProject_2010.vcxproj -> C:\Users\d\Desktop\WHOAMI_1 (1)\Debug\EmptyProject.exe
